2023.03.10 02:17:10 INFO  Started: Metals version 0.11.11 in workspace '/home/hassan/IdeaProjects/Assignment1' for client Visual Studio Code 1.76.1.
SLF4J: No SLF4J providers were found.
SLF4J: Defaulting to no-operation (NOP) logger implementation
SLF4J: See https://www.slf4j.org/codes.html#noProviders for further details.
SLF4J: Class path contains SLF4J bindings targeting slf4j-api versions 1.7.x or earlier.
SLF4J: Ignoring binding found at [jar:file:/home/hassan/.cache/coursier/v1/https/repo1.maven.org/maven2/com/outr/scribe-slf4j_2.13/3.11.0/scribe-slf4j_2.13-3.11.0.jar!/org/slf4j/impl/StaticLoggerBinder.class]
SLF4J: See https://www.slf4j.org/codes.html#ignoredBindings for an explanation.
2023.03.10 02:17:12 INFO  time: initialize in 2.09s
2023.03.10 02:17:22 WARN  Build server is not auto-connectable.
2023.03.10 02:17:22 WARN  no build target for: /home/hassan/IdeaProjects/Assignment1/src/main/scala/exe1.scala
2023.03.10 02:17:34 INFO  no build target found for /home/hassan/IdeaProjects/Assignment1/src/main/scala/exe1.scala. Using presentation compiler with project's scala-library version: 3.2.2
2023.03.10 02:17:35 INFO  running '/home/hassan/.jabba/jdk/adopt@1.11.0-11/bin/java -Djline.terminal=jline.UnsupportedTerminal -Dsbt.log.noformat=true -Dfile.encoding=UTF-8 -jar /tmp/metals1419301312373953063/sbt-launch.jar -Dbloop.export-jar-classifiers=sources bloopInstall'
2023.03.10 02:17:43 INFO  [info] welcome to sbt 1.8.2 (AdoptOpenJDK Java 11.0.11)
2023.03.10 02:17:45 INFO  time: code lens generation in 21s
2023.03.10 02:17:45 INFO  time: code lens generation in 10s
2023.03.10 02:17:48 INFO  [info] loading global plugins from /home/hassan/.sbt/1.0/plugins
2023.03.10 02:18:01 INFO  [info] loading settings for project assignment1-build-build from metals.sbt ...
2023.03.10 02:18:01 INFO  [info] loading project definition from /home/hassan/IdeaProjects/Assignment1/project/project
2023.03.10 02:18:04 INFO  [info] loading settings for project assignment1-build from metals.sbt ...
2023.03.10 02:18:04 INFO  [info] loading project definition from /home/hassan/IdeaProjects/Assignment1/project
2023.03.10 02:18:24 INFO  [success] Generated .bloop/assignment1-build.json
2023.03.10 02:18:24 INFO  [success] Total time: 20 s, completed Mar 10, 2023, 2:18:24 AM
2023.03.10 02:18:28 INFO  [info] loading settings for project root from build.sbt ...
2023.03.10 02:18:28 INFO  [info] set current project to Assignment1 (in build file:/home/hassan/IdeaProjects/Assignment1/)
2023.03.10 02:18:30 INFO  [success] Generated .bloop/root.json
2023.03.10 02:18:30 INFO  [success] Generated .bloop/root-test.json
2023.03.10 02:18:30 INFO  [success] Total time: 1 s, completed Mar 10, 2023, 2:18:30 AM
2023.03.10 02:18:30 INFO  time: ran 'sbt bloopInstall' in 55s
2023.03.10 02:18:30 INFO  Attempting to connect to the build server...
2023.03.10 02:18:30 INFO  Bloop uses /home/hassan/.jabba/jdk/adopt@1.11.0-11 defined at /home/hassan/.bloop/bloop.json
2023.03.10 02:18:37 INFO  tracing is disabled for protocol BSP, to enable tracing of incoming and outgoing JSON messages create an empty file at /home/hassan/IdeaProjects/Assignment1/.metals/bsp.trace.json or /home/hassan/.cache/metals/bsp.trace.json
2023.03.10 02:18:57 ERROR Timeout waiting for 'build/initialize' response
2023.03.10 02:18:57 WARN  Retrying connection to the build server Bloop
2023.03.10 02:18:57 INFO  Bloop uses /home/hassan/.jabba/jdk/adopt@1.11.0-11 defined at /home/hassan/.bloop/bloop.json
2023.03.10 02:18:57 INFO  tracing is disabled for protocol BSP, to enable tracing of incoming and outgoing JSON messages create an empty file at /home/hassan/IdeaProjects/Assignment1/.metals/bsp.trace.json or /home/hassan/.cache/metals/bsp.trace.json
2023.03.10 02:18:57 INFO  Attempting to connect to the build server...
2023.03.10 02:18:57 INFO  Bloop uses /home/hassan/.jabba/jdk/adopt@1.11.0-11 defined at /home/hassan/.bloop/bloop.json
2023.03.10 02:18:57 INFO  tracing is disabled for protocol BSP, to enable tracing of incoming and outgoing JSON messages create an empty file at /home/hassan/IdeaProjects/Assignment1/project/.metals/bsp.trace.json or /home/hassan/.cache/metals/bsp.trace.json
2023.03.10 02:19:18 ERROR Timeout waiting for 'build/initialize' response
2023.03.10 02:19:18 WARN  Retrying connection to the build server Bloop
2023.03.10 02:19:18 INFO  Bloop uses /home/hassan/.jabba/jdk/adopt@1.11.0-11 defined at /home/hassan/.bloop/bloop.json
2023.03.10 02:19:18 INFO  tracing is disabled for protocol BSP, to enable tracing of incoming and outgoing JSON messages create an empty file at /home/hassan/IdeaProjects/Assignment1/project/.metals/bsp.trace.json or /home/hassan/.cache/metals/bsp.trace.json
2023.03.10 02:19:38 ERROR Timeout waiting for 'build/initialize' response
2023.03.10 02:19:38 WARN  Retrying connection to the build server Bloop
2023.03.10 02:19:38 INFO  Bloop uses /home/hassan/.jabba/jdk/adopt@1.11.0-11 defined at /home/hassan/.bloop/bloop.json
2023.03.10 02:19:38 INFO  tracing is disabled for protocol BSP, to enable tracing of incoming and outgoing JSON messages create an empty file at /home/hassan/IdeaProjects/Assignment1/project/.metals/bsp.trace.json or /home/hassan/.cache/metals/bsp.trace.json
2023.03.10 02:19:58 ERROR Timeout waiting for 'build/initialize' response
2023.03.10 02:19:58 WARN  Retrying connection to the build server Bloop
2023.03.10 02:19:58 INFO  Bloop uses /home/hassan/.jabba/jdk/adopt@1.11.0-11 defined at /home/hassan/.bloop/bloop.json
2023.03.10 02:19:58 INFO  tracing is disabled for protocol BSP, to enable tracing of incoming and outgoing JSON messages create an empty file at /home/hassan/IdeaProjects/Assignment1/project/.metals/bsp.trace.json or /home/hassan/.cache/metals/bsp.trace.json
2023.03.10 02:20:18 ERROR Timeout waiting for 'build/initialize' response
2023.03.10 02:20:18 WARN  Retrying connection to the build server Bloop
2023.03.10 02:20:18 INFO  Bloop uses /home/hassan/.jabba/jdk/adopt@1.11.0-11 defined at /home/hassan/.bloop/bloop.json
2023.03.10 02:20:18 INFO  tracing is disabled for protocol BSP, to enable tracing of incoming and outgoing JSON messages create an empty file at /home/hassan/IdeaProjects/Assignment1/project/.metals/bsp.trace.json or /home/hassan/.cache/metals/bsp.trace.json
2023.03.10 02:20:38 ERROR Timeout waiting for 'build/initialize' response
2023.03.10 02:20:38 WARN  Retrying connection to the build server Bloop
2023.03.10 02:20:38 INFO  Bloop uses /home/hassan/.jabba/jdk/adopt@1.11.0-11 defined at /home/hassan/.bloop/bloop.json
2023.03.10 02:20:38 INFO  tracing is disabled for protocol BSP, to enable tracing of incoming and outgoing JSON messages create an empty file at /home/hassan/IdeaProjects/Assignment1/project/.metals/bsp.trace.json or /home/hassan/.cache/metals/bsp.trace.json
